<?xml version="1.0" encoding="UTF-8"?>
<!-- Generated by org.testng.reporters.JUnitReportReporter -->
<testsuite skipped="0" hostname="RajuGupta" name="com.timeTracking.actitime.Automation.modulename.Class" tests="1" failures="0" timestamp="2022-10-19T16:04:14 IST" time="0.015" errors="0">
  <testcase name="demo1" time="0.015" classname="com.timeTracking.actitime.Automation.modulename.Class"/>
  <system-out/>
</testsuite> <!-- com.timeTracking.actitime.Automation.modulename.Class -->
