<?xml version="1.0" encoding="UTF-8"?>
<!-- Generated by org.testng.reporters.JUnitReportReporter -->
<testsuite skipped="0" hostname="RajuGupta" name="com.timeTracking.actitime.Automation.modulename.TestCaseName" tests="1" failures="0" timestamp="2022-10-19T15:31:01 IST" time="5.027" errors="0">
  <testcase name="testCaseName" time="5.027" classname="com.timeTracking.actitime.Automation.modulename.TestCaseName"/>
  <system-out/>
</testsuite> <!-- com.timeTracking.actitime.Automation.modulename.TestCaseName -->
